[{
    "formations": [{
        "loc": [100, 100],
        "size": [50, 50],
        "texture": "1f5ff"
    }, {
        "loc": [400, 400],
        "size": [50, 50],
        "texture": "1f5ff"
    }],
    "money": 100,
    "status": "ongoing",
    "num_allowed_remaining": 1
}, {
    "formations": [{
        "loc": [100, 100],
        "size": [50, 50],
        "texture": "1f5ff"
    }, {
        "loc": [400, 400],
        "size": [50, 50],
        "texture": "1f5ff"
    }, {
        "loc": [0, 250],
        "size": [30, 30],
        "texture": "1f418"
    }],
    "money": 100,
    "status": "ongoing",
    "num_allowed_remaining": 1
}, {
    "formations": [{
        "loc": [600, 200],
        "size": [30, 30],
        "texture": "1f46e",
        "aim_dir": null
    }, {
        "loc": [100, 100],
        "size": [50, 50],
        "texture": "1f5ff"
    }, {
        "loc": [400, 400],
        "size": [50, 50],
        "texture": "1f5ff"
    }, {
        "loc": [0, 250],
        "size": [30, 30],
        "texture": "1f418"
    }],
    "money": 93,
    "status": "ongoing",
    "num_allowed_remaining": 1
}, {
    "formations": [{
        "loc": [600, 200],
        "size": [30, 30],
        "texture": "1f46e",
        "aim_dir": null
    }, {
        "loc": [100, 100],
        "size": [50, 50],
        "texture": "1f5ff"
    }, {
        "loc": [400, 400],
        "size": [50, 50],
        "texture": "1f5ff"
    }, {
        "loc": [0, 250],
        "size": [30, 30],
        "texture": "1f418"
    }],
    "money": 93,
    "status": "ongoing",
    "num_allowed_remaining": 1
}, {
    "formations": [{
        "loc": [600, 200],
        "size": [30, 30],
        "texture": "1f46e",
        "aim_dir": null
    }, {
        "loc": [100, 100],
        "size": [50, 50],
        "texture": "1f5ff"
    }, {
        "loc": [400, 400],
        "size": [50, 50],
        "texture": "1f5ff"
    }, {
        "loc": [0, 250],
        "size": [30, 30],
        "texture": "1f418"
    }],
    "money": 93,
    "status": "ongoing",
    "num_allowed_remaining": 1
}, {
    "formations": [{
        "loc": [600, 200],
        "size": [30, 30],
        "texture": "1f46e",
        "aim_dir": null
    }, {
        "loc": [100, 100],
        "size": [50, 50],
        "texture": "1f5ff"
    }, {
        "loc": [400, 400],
        "size": [50, 50],
        "texture": "1f5ff"
    }, {
        "loc": [0, 250],
        "size": [30, 30],
        "texture": "1f418"
    }],
    "money": 93,
    "status": "ongoing",
    "num_allowed_remaining": 1
}]