[{
    "formations": [{
        "loc": [0, 10],
        "size": [50, 50],
        "texture": "1f5ff"
    }, {
        "loc": [99, 457],
        "size": [50, 50],
        "texture": "1f5ff"
    }, {
        "loc": [88, 342],
        "size": [50, 50],
        "texture": "1f5ff"
    }, {
        "loc": [120, 33],
        "size": [50, 50],
        "texture": "1f5ff"
    }],
    "money": 0,
    "status": "ongoing",
    "num_allowed_remaining": 1
}, {
    "formations": [{
        "loc": [63, 0],
        "size": [30, 30],
        "texture": "1f418"
    }, {
        "loc": [88, 342],
        "size": [50, 50],
        "texture": "1f5ff"
    }, {
        "loc": [99, 457],
        "size": [50, 50],
        "texture": "1f5ff"
    }, {
        "loc": [0, 10],
        "size": [50, 50],
        "texture": "1f5ff"
    }, {
        "loc": [120, 33],
        "size": [50, 50],
        "texture": "1f5ff"
    }],
    "money": 0,
    "status": "ongoing",
    "num_allowed_remaining": 1
}, {
    "formations": [{
        "loc": [63, 100],
        "size": [30, 30],
        "texture": "1f418"
    }, {
        "loc": [88, 342],
        "size": [50, 50],
        "texture": "1f5ff"
    }, {
        "loc": [99, 457],
        "size": [50, 50],
        "texture": "1f5ff"
    }, {
        "loc": [0, 10],
        "size": [50, 50],
        "texture": "1f5ff"
    }, {
        "loc": [120, 33],
        "size": [50, 50],
        "texture": "1f5ff"
    }],
    "money": 0,
    "status": "ongoing",
    "num_allowed_remaining": 1
}, {
    "formations": [{
        "loc": [63, 200],
        "size": [30, 30],
        "texture": "1f418"
    }, {
        "loc": [88, 342],
        "size": [50, 50],
        "texture": "1f5ff"
    }, {
        "loc": [99, 457],
        "size": [50, 50],
        "texture": "1f5ff"
    }, {
        "loc": [0, 10],
        "size": [50, 50],
        "texture": "1f5ff"
    }, {
        "loc": [120, 33],
        "size": [50, 50],
        "texture": "1f5ff"
    }],
    "money": 0,
    "status": "ongoing",
    "num_allowed_remaining": 1
}, {
    "formations": [{
        "loc": [113, 250],
        "size": [30, 30],
        "texture": "1f418"
    }, {
        "loc": [88, 342],
        "size": [50, 50],
        "texture": "1f5ff"
    }, {
        "loc": [99, 457],
        "size": [50, 50],
        "texture": "1f5ff"
    }, {
        "loc": [0, 10],
        "size": [50, 50],
        "texture": "1f5ff"
    }, {
        "loc": [120, 33],
        "size": [50, 50],
        "texture": "1f5ff"
    }],
    "money": 0,
    "status": "ongoing",
    "num_allowed_remaining": 1
}]