[{
    "formations": [{
        "loc": [200, 285],
        "size": [50, 50],
        "texture": "1f5ff"
    }],
    "money": 200,
    "status": "ongoing",
    "num_allowed_remaining": 1
}, {
    "formations": [{
        "loc": [200, 285],
        "size": [50, 50],
        "texture": "1f5ff"
    }, {
        "loc": [0, 440],
        "size": [30, 30],
        "texture": "1f418"
    }],
    "money": 200,
    "status": "ongoing",
    "num_allowed_remaining": 1
}, {
    "formations": [{
        "loc": [200, 285],
        "size": [50, 50],
        "texture": "1f5ff"
    }, {
        "loc": [145, 440],
        "size": [30, 30],
        "texture": "1f418"
    }],
    "money": 200,
    "status": "ongoing",
    "num_allowed_remaining": 1
}, {
    "formations": [{
        "loc": [200, 285],
        "size": [50, 50],
        "texture": "1f5ff"
    }, {
        "loc": [290, 440],
        "size": [30, 30],
        "texture": "1f418"
    }],
    "money": 200,
    "status": "ongoing",
    "num_allowed_remaining": 1
}, {
    "formations": [{
        "loc": [0, 440],
        "size": [30, 30],
        "texture": "1f418"
    }, {
        "loc": [200, 285],
        "size": [50, 50],
        "texture": "1f5ff"
    }, {
        "loc": [435, 440],
        "size": [30, 30],
        "texture": "1f418"
    }],
    "money": 200,
    "status": "ongoing",
    "num_allowed_remaining": 1
}, {
    "formations": [{
        "loc": [145, 440],
        "size": [30, 30],
        "texture": "1f418"
    }, {
        "loc": [200, 285],
        "size": [50, 50],
        "texture": "1f5ff"
    }, {
        "loc": [580, 440],
        "size": [30, 30],
        "texture": "1f418"
    }],
    "money": 200,
    "status": "ongoing",
    "num_allowed_remaining": 1
}, {
    "formations": [{
        "loc": [290, 440],
        "size": [30, 30],
        "texture": "1f418"
    }, {
        "loc": [200, 285],
        "size": [50, 50],
        "texture": "1f5ff"
    }, {
        "loc": [555, 340],
        "size": [30, 30],
        "texture": "1f418"
    }],
    "money": 200,
    "status": "ongoing",
    "num_allowed_remaining": 1
}, {
    "formations": [{
        "loc": [435, 440],
        "size": [30, 30],
        "texture": "1f418"
    }, {
        "loc": [200, 285],
        "size": [50, 50],
        "texture": "1f5ff"
    }, {
        "loc": [410, 340],
        "size": [30, 30],
        "texture": "1f418"
    }, {
        "loc": [0, 440],
        "size": [30, 30],
        "texture": "1f418"
    }],
    "money": 200,
    "status": "ongoing",
    "num_allowed_remaining": 1
}]