[{
    "formations": [{
        "loc": [400, 300],
        "size": [50, 50],
        "texture": "1f5ff"
    }, {
        "loc": [230, 450],
        "size": [50, 50],
        "texture": "1f5ff"
    }],
    "money": 670,
    "status": "ongoing",
    "num_allowed_remaining": 1
}, {
    "formations": [{
        "loc": [400, 300],
        "size": [50, 50],
        "texture": "1f5ff"
    }, {
        "loc": [0, 240],
        "size": [30, 30],
        "texture": "1f418"
    }, {
        "loc": [230, 450],
        "size": [50, 50],
        "texture": "1f5ff"
    }],
    "money": 670,
    "status": "ongoing",
    "num_allowed_remaining": 1
}, {
    "formations": [{
        "loc": [30, 100],
        "size": [30, 30],
        "texture": "1f46e",
        "aim_dir": null
    }, {
        "loc": [400, 300],
        "size": [50, 50],
        "texture": "1f5ff"
    }, {
        "loc": [33, 240],
        "size": [30, 30],
        "texture": "1f418"
    }, {
        "loc": [230, 450],
        "size": [50, 50],
        "texture": "1f5ff"
    }],
    "money": 663,
    "status": "ongoing",
    "num_allowed_remaining": 1
}, {
    "formations": [{
        "loc": [30, 100],
        "size": [30, 30],
        "texture": "1f46e",
        "aim_dir": [-0.7071067811865475, -0.7071067811865475]
    }, {
        "loc": [400, 300],
        "size": [50, 50],
        "texture": "1f5ff"
    }, {
        "loc": [66, 240],
        "size": [30, 30],
        "texture": "1f418"
    }, {
        "loc": [230, 450],
        "size": [50, 50],
        "texture": "1f5ff"
    }],
    "money": 663,
    "status": "ongoing",
    "num_allowed_remaining": 1
}, {
    "formations": [{
        "loc": [30, 100],
        "size": [30, 30],
        "texture": "1f46e",
        "aim_dir": [-0.7071067811865475, -0.7071067811865475]
    }, {
        "loc": [400, 300],
        "size": [50, 50],
        "texture": "1f5ff"
    }, {
        "loc": [99, 240],
        "size": [30, 30],
        "texture": "1f418"
    }, {
        "loc": [230, 450],
        "size": [50, 50],
        "texture": "1f5ff"
    }],
    "money": 663,
    "status": "ongoing",
    "num_allowed_remaining": 1
}, {
    "formations": [{
        "loc": [400, 300],
        "size": [50, 50],
        "texture": "1f5ff"
    }, {
        "loc": [100, 100],
        "size": [30, 30],
        "texture": "1f472",
        "aim_dir": null
    }, {
        "loc": [230, 450],
        "size": [50, 50],
        "texture": "1f5ff"
    }, {
        "loc": [30, 100],
        "size": [30, 30],
        "texture": "1f46e",
        "aim_dir": [-0.7071067811865475, -0.7071067811865475]
    }, {
        "loc": [132, 240],
        "size": [30, 30],
        "texture": "1f418"
    }],
    "money": 654,
    "status": "ongoing",
    "num_allowed_remaining": 1
}, {
    "formations": [{
        "loc": [400, 300],
        "size": [50, 50],
        "texture": "1f5ff"
    }, {
        "loc": [100, 100],
        "size": [30, 30],
        "texture": "1f472",
        "aim_dir": [-1.0, 0.0]
    }, {
        "loc": [230, 450],
        "size": [50, 50],
        "texture": "1f5ff"
    }, {
        "loc": [30, 100],
        "size": [30, 30],
        "texture": "1f46e",
        "aim_dir": [-0.7071067811865475, -0.7071067811865475]
    }, {
        "loc": [165, 240],
        "size": [30, 30],
        "texture": "1f418"
    }],
    "money": 654,
    "status": "ongoing",
    "num_allowed_remaining": 1
}, {
    "formations": [{
        "loc": [400, 300],
        "size": [50, 50],
        "texture": "1f5ff"
    }, {
        "loc": [100, 100],
        "size": [30, 30],
        "texture": "1f472",
        "aim_dir": [-1.0, 0.0]
    }, {
        "loc": [230, 450],
        "size": [50, 50],
        "texture": "1f5ff"
    }, {
        "loc": [30, 100],
        "size": [30, 30],
        "texture": "1f46e",
        "aim_dir": [-0.7071067811865475, -0.7071067811865475]
    }, {
        "loc": [198, 240],
        "size": [30, 30],
        "texture": "1f418"
    }],
    "money": 654,
    "status": "ongoing",
    "num_allowed_remaining": 1
}, {
    "formations": [{
        "loc": [400, 300],
        "size": [50, 50],
        "texture": "1f5ff"
    }, {
        "loc": [100, 100],
        "size": [30, 30],
        "texture": "1f472",
        "aim_dir": [-1.0, 0.0]
    }, {
        "loc": [230, 450],
        "size": [50, 50],
        "texture": "1f5ff"
    }, {
        "loc": [30, 100],
        "size": [30, 30],
        "texture": "1f46e",
        "aim_dir": [-0.7071067811865475, -0.7071067811865475]
    }, {
        "loc": [231, 240],
        "size": [30, 30],
        "texture": "1f418"
    }, {
        "loc": [300, 100],
        "size": [30, 30],
        "texture": "1f477",
        "aim_dir": null
    }],
    "money": 644,
    "status": "ongoing",
    "num_allowed_remaining": 1
}, {
    "formations": [{
        "loc": [400, 300],
        "size": [50, 50],
        "texture": "1f5ff"
    }, {
        "loc": [100, 100],
        "size": [30, 30],
        "texture": "1f472",
        "aim_dir": [-1.0, 0.0]
    }, {
        "loc": [230, 450],
        "size": [50, 50],
        "texture": "1f5ff"
    }, {
        "loc": [30, 100],
        "size": [30, 30],
        "texture": "1f46e",
        "aim_dir": [-0.7071067811865475, -0.7071067811865475]
    }, {
        "loc": [264, 240],
        "size": [30, 30],
        "texture": "1f418"
    }, {
        "loc": [300, 100],
        "size": [30, 30],
        "texture": "1f477",
        "aim_dir": [0.4472135954999579, -0.8944271909999159]
    }],
    "money": 644,
    "status": "ongoing",
    "num_allowed_remaining": 1
}, {
    "formations": [{
        "loc": [400, 300],
        "size": [50, 50],
        "texture": "1f5ff"
    }, {
        "loc": [100, 100],
        "size": [30, 30],
        "texture": "1f472",
        "aim_dir": [-1.0, 0.0]
    }, {
        "loc": [230, 450],
        "size": [50, 50],
        "texture": "1f5ff"
    }, {
        "loc": [30, 100],
        "size": [30, 30],
        "texture": "1f46e",
        "aim_dir": [-0.7071067811865475, -0.7071067811865475]
    }, {
        "loc": [297, 240],
        "size": [30, 30],
        "texture": "1f418"
    }, {
        "loc": [300, 100],
        "size": [30, 30],
        "texture": "1f477",
        "aim_dir": [0.4472135954999579, -0.8944271909999159]
    }],
    "money": 644,
    "status": "ongoing",
    "num_allowed_remaining": 1
}, {
    "formations": [{
        "loc": [400, 300],
        "size": [50, 50],
        "texture": "1f5ff"
    }, {
        "loc": [100, 100],
        "size": [30, 30],
        "texture": "1f472",
        "aim_dir": [-1.0, 0.0]
    }, {
        "loc": [230, 450],
        "size": [50, 50],
        "texture": "1f5ff"
    }, {
        "loc": [30, 100],
        "size": [30, 30],
        "texture": "1f46e",
        "aim_dir": [-0.7071067811865475, -0.7071067811865475]
    }, {
        "loc": [400, 100],
        "size": [30, 30],
        "texture": "1f46e",
        "aim_dir": null
    }, {
        "loc": [330, 240],
        "size": [30, 30],
        "texture": "1f418"
    }, {
        "loc": [300, 100],
        "size": [30, 30],
        "texture": "1f477",
        "aim_dir": [0.4472135954999579, -0.8944271909999159]
    }],
    "money": 637,
    "status": "ongoing",
    "num_allowed_remaining": 1
}, {
    "formations": [{
        "loc": [400, 300],
        "size": [50, 50],
        "texture": "1f5ff"
    }, {
        "loc": [100, 100],
        "size": [30, 30],
        "texture": "1f472",
        "aim_dir": [-1.0, 0.0]
    }, {
        "loc": [230, 450],
        "size": [50, 50],
        "texture": "1f5ff"
    }, {
        "loc": [30, 100],
        "size": [30, 30],
        "texture": "1f46e",
        "aim_dir": [-0.7071067811865475, -0.7071067811865475]
    }, {
        "loc": [400, 100],
        "size": [30, 30],
        "texture": "1f46e",
        "aim_dir": [0.7071067811865475, 0.7071067811865475]
    }, {
        "loc": [363, 240],
        "size": [30, 30],
        "texture": "1f418"
    }, {
        "loc": [300, 100],
        "size": [30, 30],
        "texture": "1f477",
        "aim_dir": [0.4472135954999579, -0.8944271909999159]
    }],
    "money": 637,
    "status": "ongoing",
    "num_allowed_remaining": 1
}]