[{
    "formations": [{
        "loc": [0, 10],
        "size": [50, 50],
        "texture": "1f5ff"
    }, {
        "loc": [120, 33],
        "size": [50, 50],
        "texture": "1f5ff"
    }, {
        "loc": [99, 457],
        "size": [50, 50],
        "texture": "1f5ff"
    }, {
        "loc": [88, 342],
        "size": [50, 50],
        "texture": "1f5ff"
    }],
    "money": 200,
    "status": "ongoing",
    "num_allowed_remaining": 1
}, {
    "formations": [{
        "loc": [0, 10],
        "size": [50, 50],
        "texture": "1f5ff"
    }, {
        "loc": [120, 33],
        "size": [50, 50],
        "texture": "1f5ff"
    }, {
        "loc": [63, 0],
        "size": [30, 30],
        "texture": "1f418"
    }, {
        "loc": [99, 457],
        "size": [50, 50],
        "texture": "1f5ff"
    }, {
        "loc": [88, 342],
        "size": [50, 50],
        "texture": "1f5ff"
    }],
    "money": 200,
    "status": "ongoing",
    "num_allowed_remaining": 1
}, {
    "formations": [{
        "loc": [0, 10],
        "size": [50, 50],
        "texture": "1f5ff"
    }, {
        "loc": [120, 33],
        "size": [50, 50],
        "texture": "1f5ff"
    }, {
        "loc": [63, 25],
        "size": [30, 30],
        "texture": "1f418"
    }, {
        "loc": [99, 457],
        "size": [50, 50],
        "texture": "1f5ff"
    }, {
        "loc": [88, 342],
        "size": [50, 50],
        "texture": "1f5ff"
    }, {
        "loc": [117, 192],
        "size": [50, 50],
        "texture": "1f479"
    }],
    "money": 192,
    "status": "ongoing",
    "num_allowed_remaining": 1
}, {
    "formations": [{
        "loc": [0, 10],
        "size": [50, 50],
        "texture": "1f5ff"
    }, {
        "loc": [120, 33],
        "size": [50, 50],
        "texture": "1f5ff"
    }, {
        "loc": [63, 50],
        "size": [30, 30],
        "texture": "1f418"
    }, {
        "loc": [99, 457],
        "size": [50, 50],
        "texture": "1f5ff"
    }, {
        "loc": [88, 342],
        "size": [50, 50],
        "texture": "1f5ff"
    }, {
        "loc": [117, 192],
        "size": [50, 50],
        "texture": "1f479"
    }],
    "money": 192,
    "status": "ongoing",
    "num_allowed_remaining": 1
}, {
    "formations": [{
        "loc": [0, 10],
        "size": [50, 50],
        "texture": "1f5ff"
    }, {
        "loc": [120, 33],
        "size": [50, 50],
        "texture": "1f5ff"
    }, {
        "loc": [63, 75],
        "size": [30, 30],
        "texture": "1f418"
    }, {
        "loc": [99, 457],
        "size": [50, 50],
        "texture": "1f5ff"
    }, {
        "loc": [88, 342],
        "size": [50, 50],
        "texture": "1f5ff"
    }, {
        "loc": [117, 192],
        "size": [50, 50],
        "texture": "1f479"
    }],
    "money": 192,
    "status": "ongoing",
    "num_allowed_remaining": 1
}, {
    "formations": [{
        "loc": [0, 10],
        "size": [50, 50],
        "texture": "1f5ff"
    }, {
        "loc": [120, 33],
        "size": [50, 50],
        "texture": "1f5ff"
    }, {
        "loc": [63, 100],
        "size": [30, 30],
        "texture": "1f418"
    }, {
        "loc": [99, 457],
        "size": [50, 50],
        "texture": "1f5ff"
    }, {
        "loc": [88, 342],
        "size": [50, 50],
        "texture": "1f5ff"
    }, {
        "loc": [117, 192],
        "size": [50, 50],
        "texture": "1f479"
    }],
    "money": 192,
    "status": "ongoing",
    "num_allowed_remaining": 1
}, {
    "formations": [{
        "loc": [0, 10],
        "size": [50, 50],
        "texture": "1f5ff"
    }, {
        "loc": [120, 33],
        "size": [50, 50],
        "texture": "1f5ff"
    }, {
        "loc": [63, 125],
        "size": [30, 30],
        "texture": "1f418"
    }, {
        "loc": [99, 457],
        "size": [50, 50],
        "texture": "1f5ff"
    }, {
        "loc": [88, 342],
        "size": [50, 50],
        "texture": "1f5ff"
    }, {
        "loc": [117, 192],
        "size": [50, 50],
        "texture": "1f479"
    }],
    "money": 192,
    "status": "ongoing",
    "num_allowed_remaining": 1
}, {
    "formations": [{
        "loc": [0, 10],
        "size": [50, 50],
        "texture": "1f5ff"
    }, {
        "loc": [120, 33],
        "size": [50, 50],
        "texture": "1f5ff"
    }, {
        "loc": [63, 150],
        "size": [30, 30],
        "texture": "1f418"
    }, {
        "loc": [99, 457],
        "size": [50, 50],
        "texture": "1f5ff"
    }, {
        "loc": [88, 342],
        "size": [50, 50],
        "texture": "1f5ff"
    }, {
        "loc": [117, 192],
        "size": [50, 50],
        "texture": "1f479"
    }],
    "money": 192,
    "status": "ongoing",
    "num_allowed_remaining": 1
}, {
    "formations": [{
        "loc": [0, 10],
        "size": [50, 50],
        "texture": "1f5ff"
    }, {
        "loc": [120, 33],
        "size": [50, 50],
        "texture": "1f5ff"
    }, {
        "loc": [63, 200],
        "size": [30, 30],
        "texture": "1f418"
    }, {
        "loc": [99, 457],
        "size": [50, 50],
        "texture": "1f5ff"
    }, {
        "loc": [88, 342],
        "size": [50, 50],
        "texture": "1f5ff"
    }, {
        "loc": [117, 192],
        "size": [50, 50],
        "texture": "1f479"
    }],
    "money": 192,
    "status": "ongoing",
    "num_allowed_remaining": 1
}, {
    "formations": [{
        "loc": [0, 10],
        "size": [50, 50],
        "texture": "1f5ff"
    }, {
        "loc": [120, 33],
        "size": [50, 50],
        "texture": "1f5ff"
    }, {
        "loc": [63, 250],
        "size": [30, 30],
        "texture": "1f418"
    }, {
        "loc": [99, 457],
        "size": [50, 50],
        "texture": "1f5ff"
    }, {
        "loc": [88, 342],
        "size": [50, 50],
        "texture": "1f5ff"
    }, {
        "loc": [117, 192],
        "size": [50, 50],
        "texture": "1f479"
    }],
    "money": 192,
    "status": "ongoing",
    "num_allowed_remaining": 1
}, {
    "formations": [{
        "loc": [0, 10],
        "size": [50, 50],
        "texture": "1f5ff"
    }, {
        "loc": [120, 33],
        "size": [50, 50],
        "texture": "1f5ff"
    }, {
        "loc": [88, 250],
        "size": [30, 30],
        "texture": "1f418"
    }, {
        "loc": [99, 457],
        "size": [50, 50],
        "texture": "1f5ff"
    }, {
        "loc": [88, 342],
        "size": [50, 50],
        "texture": "1f5ff"
    }, {
        "loc": [114, 130],
        "size": [50, 50],
        "texture": "1f479"
    }, {
        "loc": [117, 192],
        "size": [50, 50],
        "texture": "1f479"
    }],
    "money": 184,
    "status": "ongoing",
    "num_allowed_remaining": 1
}, {
    "formations": [{
        "loc": [0, 10],
        "size": [50, 50],
        "texture": "1f5ff"
    }, {
        "loc": [120, 33],
        "size": [50, 50],
        "texture": "1f5ff"
    }, {
        "loc": [138, 250],
        "size": [30, 30],
        "texture": "1f418"
    }, {
        "loc": [99, 457],
        "size": [50, 50],
        "texture": "1f5ff"
    }, {
        "loc": [88, 342],
        "size": [50, 50],
        "texture": "1f5ff"
    }, {
        "loc": [114, 130],
        "size": [50, 50],
        "texture": "1f479"
    }, {
        "loc": [117, 192],
        "size": [50, 50],
        "texture": "1f479"
    }],
    "money": 184,
    "status": "ongoing",
    "num_allowed_remaining": 1
}, {
    "formations": [{
        "loc": [0, 10],
        "size": [50, 50],
        "texture": "1f5ff"
    }, {
        "loc": [120, 33],
        "size": [50, 50],
        "texture": "1f5ff"
    }, {
        "loc": [188, 250],
        "size": [30, 30],
        "texture": "1f418"
    }, {
        "loc": [99, 457],
        "size": [50, 50],
        "texture": "1f5ff"
    }, {
        "loc": [88, 342],
        "size": [50, 50],
        "texture": "1f5ff"
    }, {
        "loc": [114, 130],
        "size": [50, 50],
        "texture": "1f479"
    }, {
        "loc": [117, 192],
        "size": [50, 50],
        "texture": "1f479"
    }],
    "money": 184,
    "status": "ongoing",
    "num_allowed_remaining": 1
}, {
    "formations": [{
        "loc": [0, 10],
        "size": [50, 50],
        "texture": "1f5ff"
    }, {
        "loc": [120, 33],
        "size": [50, 50],
        "texture": "1f5ff"
    }, {
        "loc": [213, 250],
        "size": [30, 30],
        "texture": "1f418"
    }, {
        "loc": [99, 457],
        "size": [50, 50],
        "texture": "1f5ff"
    }, {
        "loc": [88, 342],
        "size": [50, 50],
        "texture": "1f5ff"
    }, {
        "loc": [114, 130],
        "size": [50, 50],
        "texture": "1f479"
    }, {
        "loc": [117, 192],
        "size": [50, 50],
        "texture": "1f479"
    }],
    "money": 184,
    "status": "ongoing",
    "num_allowed_remaining": 1
}, {
    "formations": [{
        "loc": [0, 10],
        "size": [50, 50],
        "texture": "1f5ff"
    }, {
        "loc": [120, 33],
        "size": [50, 50],
        "texture": "1f5ff"
    }, {
        "loc": [238, 250],
        "size": [30, 30],
        "texture": "1f418"
    }, {
        "loc": [99, 457],
        "size": [50, 50],
        "texture": "1f5ff"
    }, {
        "loc": [88, 342],
        "size": [50, 50],
        "texture": "1f5ff"
    }, {
        "loc": [114, 130],
        "size": [50, 50],
        "texture": "1f479"
    }, {
        "loc": [117, 192],
        "size": [50, 50],
        "texture": "1f479"
    }],
    "money": 184,
    "status": "ongoing",
    "num_allowed_remaining": 1
}, {
    "formations": [{
        "loc": [0, 10],
        "size": [50, 50],
        "texture": "1f5ff"
    }, {
        "loc": [120, 33],
        "size": [50, 50],
        "texture": "1f5ff"
    }, {
        "loc": [263, 250],
        "size": [30, 30],
        "texture": "1f418"
    }, {
        "loc": [99, 457],
        "size": [50, 50],
        "texture": "1f5ff"
    }, {
        "loc": [88, 342],
        "size": [50, 50],
        "texture": "1f5ff"
    }, {
        "loc": [114, 130],
        "size": [50, 50],
        "texture": "1f479"
    }, {
        "loc": [117, 192],
        "size": [50, 50],
        "texture": "1f479"
    }],
    "money": 184,
    "status": "ongoing",
    "num_allowed_remaining": 1
}, {
    "formations": [{
        "loc": [0, 10],
        "size": [50, 50],
        "texture": "1f5ff"
    }, {
        "loc": [120, 33],
        "size": [50, 50],
        "texture": "1f5ff"
    }, {
        "loc": [288, 250],
        "size": [30, 30],
        "texture": "1f418"
    }, {
        "loc": [99, 457],
        "size": [50, 50],
        "texture": "1f5ff"
    }, {
        "loc": [88, 342],
        "size": [50, 50],
        "texture": "1f5ff"
    }, {
        "loc": [114, 130],
        "size": [50, 50],
        "texture": "1f479"
    }, {
        "loc": [117, 192],
        "size": [50, 50],
        "texture": "1f479"
    }],
    "money": 184,
    "status": "ongoing",
    "num_allowed_remaining": 1
}, {
    "formations": [{
        "loc": [0, 10],
        "size": [50, 50],
        "texture": "1f5ff"
    }, {
        "loc": [120, 33],
        "size": [50, 50],
        "texture": "1f5ff"
    }, {
        "loc": [313, 250],
        "size": [30, 30],
        "texture": "1f418"
    }, {
        "loc": [99, 457],
        "size": [50, 50],
        "texture": "1f5ff"
    }, {
        "loc": [88, 342],
        "size": [50, 50],
        "texture": "1f5ff"
    }, {
        "loc": [114, 130],
        "size": [50, 50],
        "texture": "1f479"
    }, {
        "loc": [117, 192],
        "size": [50, 50],
        "texture": "1f479"
    }],
    "money": 184,
    "status": "ongoing",
    "num_allowed_remaining": 1
}, {
    "formations": [{
        "loc": [0, 10],
        "size": [50, 50],
        "texture": "1f5ff"
    }, {
        "loc": [120, 33],
        "size": [50, 50],
        "texture": "1f5ff"
    }, {
        "loc": [338, 250],
        "size": [30, 30],
        "texture": "1f418"
    }, {
        "loc": [99, 457],
        "size": [50, 50],
        "texture": "1f5ff"
    }, {
        "loc": [88, 342],
        "size": [50, 50],
        "texture": "1f5ff"
    }, {
        "loc": [114, 130],
        "size": [50, 50],
        "texture": "1f479"
    }, {
        "loc": [117, 192],
        "size": [50, 50],
        "texture": "1f479"
    }],
    "money": 184,
    "status": "ongoing",
    "num_allowed_remaining": 1
}]