[{
    "formations": [{
        "loc": [400, 300],
        "size": [50, 50],
        "texture": "1f5ff"
    }, {
        "loc": [230, 450],
        "size": [50, 50],
        "texture": "1f5ff"
    }],
    "money": 100,
    "status": "ongoing",
    "num_allowed_remaining": 30
}, {
    "formations": [{
        "loc": [400, 300],
        "size": [50, 50],
        "texture": "1f5ff"
    }, {
        "loc": [0, 240],
        "size": [30, 30],
        "texture": "1f418"
    }, {
        "loc": [230, 450],
        "size": [50, 50],
        "texture": "1f5ff"
    }],
    "money": 100,
    "status": "ongoing",
    "num_allowed_remaining": 30
}, {
    "formations": [{
        "loc": [400, 300],
        "size": [50, 50],
        "texture": "1f5ff"
    }, {
        "loc": [20, 240],
        "size": [30, 30],
        "texture": "1f418"
    }, {
        "loc": [230, 450],
        "size": [50, 50],
        "texture": "1f5ff"
    }, {
        "loc": [0, 240],
        "size": [30, 30],
        "texture": "1f418"
    }],
    "money": 100,
    "status": "ongoing",
    "num_allowed_remaining": 30
}, {
    "formations": [{
        "loc": [400, 300],
        "size": [50, 50],
        "texture": "1f5ff"
    }, {
        "loc": [40, 240],
        "size": [30, 30],
        "texture": "1f418"
    }, {
        "loc": [100, 300],
        "size": [30, 30],
        "texture": "1f4fc"
    }, {
        "loc": [0, 240],
        "size": [30, 30],
        "texture": "1f418"
    }, {
        "loc": [230, 450],
        "size": [50, 50],
        "texture": "1f5ff"
    }, {
        "loc": [20, 240],
        "size": [30, 30],
        "texture": "1f418"
    }],
    "money": 95,
    "status": "ongoing",
    "num_allowed_remaining": 30
}, {
    "formations": [{
        "loc": [0, 240],
        "size": [30, 30],
        "texture": "1f418"
    }, {
        "loc": [400, 300],
        "size": [50, 50],
        "texture": "1f5ff"
    }, {
        "loc": [60, 240],
        "size": [30, 30],
        "texture": "1f418"
    }, {
        "loc": [100, 300],
        "size": [30, 30],
        "texture": "1f4fc"
    }, {
        "loc": [20, 240],
        "size": [30, 30],
        "texture": "1f418"
    }, {
        "loc": [230, 450],
        "size": [50, 50],
        "texture": "1f5ff"
    }, {
        "loc": [40, 240],
        "size": [30, 30],
        "texture": "1f418"
    }],
    "money": 95,
    "status": "ongoing",
    "num_allowed_remaining": 30
}, {
    "formations": [{
        "loc": [20, 240],
        "size": [30, 30],
        "texture": "1f418"
    }, {
        "loc": [400, 300],
        "size": [50, 50],
        "texture": "1f5ff"
    }, {
        "loc": [70, 240],
        "size": [30, 30],
        "texture": "1f418"
    }, {
        "loc": [100, 300],
        "size": [30, 30],
        "texture": "1f4fc"
    }, {
        "loc": [40, 240],
        "size": [30, 30],
        "texture": "1f418"
    }, {
        "loc": [230, 450],
        "size": [50, 50],
        "texture": "1f5ff"
    }, {
        "loc": [60, 240],
        "size": [30, 30],
        "texture": "1f418"
    }, {
        "loc": [0, 240],
        "size": [30, 30],
        "texture": "1f418"
    }],
    "money": 95,
    "status": "ongoing",
    "num_allowed_remaining": 30
}, {
    "formations": [{
        "loc": [80, 240],
        "size": [30, 30],
        "texture": "1f418"
    }, {
        "loc": [60, 240],
        "size": [30, 30],
        "texture": "1f418"
    }, {
        "loc": [70, 240],
        "size": [30, 30],
        "texture": "1f418"
    }, {
        "loc": [20, 240],
        "size": [30, 30],
        "texture": "1f418"
    }, {
        "loc": [40, 240],
        "size": [30, 30],
        "texture": "1f418"
    }, {
        "loc": [400, 300],
        "size": [50, 50],
        "texture": "1f5ff"
    }, {
        "loc": [100, 300],
        "size": [30, 30],
        "texture": "1f4fc"
    }, {
        "loc": [0, 240],
        "size": [30, 30],
        "texture": "1f418"
    }, {
        "loc": [230, 450],
        "size": [50, 50],
        "texture": "1f5ff"
    }],
    "money": 95,
    "status": "ongoing",
    "num_allowed_remaining": 30
}, {
    "formations": [{
        "loc": [90, 240],
        "size": [30, 30],
        "texture": "1f418"
    }, {
        "loc": [70, 240],
        "size": [30, 30],
        "texture": "1f418"
    }, {
        "loc": [80, 240],
        "size": [30, 30],
        "texture": "1f418"
    }, {
        "loc": [40, 240],
        "size": [30, 30],
        "texture": "1f418"
    }, {
        "loc": [60, 240],
        "size": [30, 30],
        "texture": "1f418"
    }, {
        "loc": [400, 300],
        "size": [50, 50],
        "texture": "1f5ff"
    }, {
        "loc": [100, 300],
        "size": [30, 30],
        "texture": "1f4fc"
    }, {
        "loc": [20, 240],
        "size": [30, 30],
        "texture": "1f418"
    }, {
        "loc": [230, 450],
        "size": [50, 50],
        "texture": "1f5ff"
    }, {
        "loc": [0, 240],
        "size": [30, 30],
        "texture": "1f418"
    }],
    "money": 95,
    "status": "ongoing",
    "num_allowed_remaining": 30
}, {
    "formations": [{
        "loc": [100, 240],
        "size": [30, 30],
        "texture": "1f418"
    }, {
        "loc": [0, 240],
        "size": [30, 30],
        "texture": "1f418"
    }, {
        "loc": [80, 240],
        "size": [30, 30],
        "texture": "1f418"
    }, {
        "loc": [90, 240],
        "size": [30, 30],
        "texture": "1f418"
    }, {
        "loc": [60, 240],
        "size": [30, 30],
        "texture": "1f418"
    }, {
        "loc": [70, 240],
        "size": [30, 30],
        "texture": "1f418"
    }, {
        "loc": [400, 300],
        "size": [50, 50],
        "texture": "1f5ff"
    }, {
        "loc": [100, 300],
        "size": [30, 30],
        "texture": "1f4fc"
    }, {
        "loc": [40, 240],
        "size": [30, 30],
        "texture": "1f418"
    }, {
        "loc": [230, 450],
        "size": [50, 50],
        "texture": "1f5ff"
    }, {
        "loc": [20, 240],
        "size": [30, 30],
        "texture": "1f418"
    }],
    "money": 95,
    "status": "ongoing",
    "num_allowed_remaining": 30
}, {
    "formations": [{
        "loc": [110, 240],
        "size": [30, 30],
        "texture": "1f418"
    }, {
        "loc": [20, 240],
        "size": [30, 30],
        "texture": "1f418"
    }, {
        "loc": [0, 240],
        "size": [30, 30],
        "texture": "1f418"
    }, {
        "loc": [90, 240],
        "size": [30, 30],
        "texture": "1f418"
    }, {
        "loc": [100, 240],
        "size": [30, 30],
        "texture": "1f418"
    }, {
        "loc": [70, 240],
        "size": [30, 30],
        "texture": "1f418"
    }, {
        "loc": [80, 240],
        "size": [30, 30],
        "texture": "1f418"
    }, {
        "loc": [400, 300],
        "size": [50, 50],
        "texture": "1f5ff"
    }, {
        "loc": [100, 300],
        "size": [30, 30],
        "texture": "1f4fc"
    }, {
        "loc": [60, 240],
        "size": [30, 30],
        "texture": "1f418"
    }, {
        "loc": [230, 450],
        "size": [50, 50],
        "texture": "1f5ff"
    }, {
        "loc": [40, 240],
        "size": [30, 30],
        "texture": "1f418"
    }],
    "money": 95,
    "status": "ongoing",
    "num_allowed_remaining": 30
}, {
    "formations": [{
        "loc": [120, 240],
        "size": [30, 30],
        "texture": "1f418"
    }, {
        "loc": [40, 240],
        "size": [30, 30],
        "texture": "1f418"
    }, {
        "loc": [20, 240],
        "size": [30, 30],
        "texture": "1f418"
    }, {
        "loc": [100, 240],
        "size": [30, 30],
        "texture": "1f418"
    }, {
        "loc": [0, 240],
        "size": [30, 30],
        "texture": "1f418"
    }, {
        "loc": [110, 240],
        "size": [30, 30],
        "texture": "1f418"
    }, {
        "loc": [80, 240],
        "size": [30, 30],
        "texture": "1f418"
    }, {
        "loc": [90, 240],
        "size": [30, 30],
        "texture": "1f418"
    }, {
        "loc": [400, 300],
        "size": [50, 50],
        "texture": "1f5ff"
    }, {
        "loc": [100, 300],
        "size": [30, 30],
        "texture": "1f4fc"
    }, {
        "loc": [70, 240],
        "size": [30, 30],
        "texture": "1f418"
    }, {
        "loc": [230, 450],
        "size": [50, 50],
        "texture": "1f5ff"
    }, {
        "loc": [60, 240],
        "size": [30, 30],
        "texture": "1f418"
    }],
    "money": 95,
    "status": "ongoing",
    "num_allowed_remaining": 30
}, {
    "formations": [{
        "loc": [130, 240],
        "size": [30, 30],
        "texture": "1f418"
    }, {
        "loc": [60, 240],
        "size": [30, 30],
        "texture": "1f418"
    }, {
        "loc": [40, 240],
        "size": [30, 30],
        "texture": "1f418"
    }, {
        "loc": [110, 240],
        "size": [30, 30],
        "texture": "1f418"
    }, {
        "loc": [20, 240],
        "size": [30, 30],
        "texture": "1f418"
    }, {
        "loc": [0, 240],
        "size": [30, 30],
        "texture": "1f418"
    }, {
        "loc": [120, 240],
        "size": [30, 30],
        "texture": "1f418"
    }, {
        "loc": [90, 240],
        "size": [30, 30],
        "texture": "1f418"
    }, {
        "loc": [100, 240],
        "size": [30, 30],
        "texture": "1f418"
    }, {
        "loc": [400, 300],
        "size": [50, 50],
        "texture": "1f5ff"
    }, {
        "loc": [100, 300],
        "size": [30, 30],
        "texture": "1f4fc"
    }, {
        "loc": [80, 240],
        "size": [30, 30],
        "texture": "1f418"
    }, {
        "loc": [230, 450],
        "size": [50, 50],
        "texture": "1f5ff"
    }, {
        "loc": [70, 240],
        "size": [30, 30],
        "texture": "1f418"
    }],
    "money": 95,
    "status": "ongoing",
    "num_allowed_remaining": 30
}, {
    "formations": [{
        "loc": [140, 240],
        "size": [30, 30],
        "texture": "1f418"
    }, {
        "loc": [70, 240],
        "size": [30, 30],
        "texture": "1f418"
    }, {
        "loc": [60, 240],
        "size": [30, 30],
        "texture": "1f418"
    }, {
        "loc": [120, 240],
        "size": [30, 30],
        "texture": "1f418"
    }, {
        "loc": [40, 240],
        "size": [30, 30],
        "texture": "1f418"
    }, {
        "loc": [20, 240],
        "size": [30, 30],
        "texture": "1f418"
    }, {
        "loc": [130, 240],
        "size": [30, 30],
        "texture": "1f418"
    }, {
        "loc": [100, 240],
        "size": [30, 30],
        "texture": "1f418"
    }, {
        "loc": [110, 240],
        "size": [30, 30],
        "texture": "1f418"
    }, {
        "loc": [400, 300],
        "size": [50, 50],
        "texture": "1f5ff"
    }, {
        "loc": [0, 240],
        "size": [30, 30],
        "texture": "1f418"
    }, {
        "loc": [100, 300],
        "size": [30, 30],
        "texture": "1f4fc"
    }, {
        "loc": [90, 240],
        "size": [30, 30],
        "texture": "1f418"
    }, {
        "loc": [230, 450],
        "size": [50, 50],
        "texture": "1f5ff"
    }, {
        "loc": [80, 240],
        "size": [30, 30],
        "texture": "1f418"
    }],
    "money": 95,
    "status": "ongoing",
    "num_allowed_remaining": 30
}, {
    "formations": [{
        "loc": [150, 240],
        "size": [30, 30],
        "texture": "1f418"
    }, {
        "loc": [80, 240],
        "size": [30, 30],
        "texture": "1f418"
    }, {
        "loc": [70, 240],
        "size": [30, 30],
        "texture": "1f418"
    }, {
        "loc": [130, 240],
        "size": [30, 30],
        "texture": "1f418"
    }, {
        "loc": [60, 240],
        "size": [30, 30],
        "texture": "1f418"
    }, {
        "loc": [40, 240],
        "size": [30, 30],
        "texture": "1f418"
    }, {
        "loc": [140, 240],
        "size": [30, 30],
        "texture": "1f418"
    }, {
        "loc": [110, 240],
        "size": [30, 30],
        "texture": "1f418"
    }, {
        "loc": [120, 240],
        "size": [30, 30],
        "texture": "1f418"
    }, {
        "loc": [400, 300],
        "size": [50, 50],
        "texture": "1f5ff"
    }, {
        "loc": [20, 240],
        "size": [30, 30],
        "texture": "1f418"
    }, {
        "loc": [0, 240],
        "size": [30, 30],
        "texture": "1f418"
    }, {
        "loc": [100, 300],
        "size": [30, 30],
        "texture": "1f4fc"
    }, {
        "loc": [100, 240],
        "size": [30, 30],
        "texture": "1f418"
    }, {
        "loc": [230, 450],
        "size": [50, 50],
        "texture": "1f5ff"
    }, {
        "loc": [90, 240],
        "size": [30, 30],
        "texture": "1f418"
    }],
    "money": 95,
    "status": "ongoing",
    "num_allowed_remaining": 30
}, {
    "formations": [{
        "loc": [170, 240],
        "size": [30, 30],
        "texture": "1f418"
    }, {
        "loc": [140, 240],
        "size": [30, 30],
        "texture": "1f418"
    }, {
        "loc": [150, 240],
        "size": [30, 30],
        "texture": "1f418"
    }, {
        "loc": [130, 240],
        "size": [30, 30],
        "texture": "1f418"
    }, {
        "loc": [100, 300],
        "size": [30, 30],
        "texture": "1f4fc"
    }, {
        "loc": [110, 240],
        "size": [30, 30],
        "texture": "1f418"
    }, {
        "loc": [120, 240],
        "size": [30, 30],
        "texture": "1f418"
    }, {
        "loc": [100, 240],
        "size": [30, 30],
        "texture": "1f418"
    }, {
        "loc": [90, 240],
        "size": [30, 30],
        "texture": "1f418"
    }, {
        "loc": [80, 240],
        "size": [30, 30],
        "texture": "1f418"
    }, {
        "loc": [70, 240],
        "size": [30, 30],
        "texture": "1f418"
    }, {
        "loc": [60, 240],
        "size": [30, 30],
        "texture": "1f418"
    }, {
        "loc": [40, 240],
        "size": [30, 30],
        "texture": "1f418"
    }, {
        "loc": [400, 300],
        "size": [50, 50],
        "texture": "1f5ff"
    }, {
        "loc": [20, 240],
        "size": [30, 30],
        "texture": "1f418"
    }, {
        "loc": [0, 240],
        "size": [30, 30],
        "texture": "1f418"
    }, {
        "loc": [230, 450],
        "size": [50, 50],
        "texture": "1f5ff"
    }],
    "money": 95,
    "status": "ongoing",
    "num_allowed_remaining": 30
}, {
    "formations": [{
        "loc": [190, 240],
        "size": [30, 30],
        "texture": "1f418"
    }, {
        "loc": [150, 240],
        "size": [30, 30],
        "texture": "1f418"
    }, {
        "loc": [170, 240],
        "size": [30, 30],
        "texture": "1f418"
    }, {
        "loc": [140, 240],
        "size": [30, 30],
        "texture": "1f418"
    }, {
        "loc": [100, 300],
        "size": [30, 30],
        "texture": "1f4fc"
    }, {
        "loc": [120, 240],
        "size": [30, 30],
        "texture": "1f418"
    }, {
        "loc": [130, 240],
        "size": [30, 30],
        "texture": "1f418"
    }, {
        "loc": [110, 240],
        "size": [30, 30],
        "texture": "1f418"
    }, {
        "loc": [100, 240],
        "size": [30, 30],
        "texture": "1f418"
    }, {
        "loc": [90, 240],
        "size": [30, 30],
        "texture": "1f418"
    }, {
        "loc": [80, 240],
        "size": [30, 30],
        "texture": "1f418"
    }, {
        "loc": [70, 240],
        "size": [30, 30],
        "texture": "1f418"
    }, {
        "loc": [60, 240],
        "size": [30, 30],
        "texture": "1f418"
    }, {
        "loc": [400, 300],
        "size": [50, 50],
        "texture": "1f5ff"
    }, {
        "loc": [40, 240],
        "size": [30, 30],
        "texture": "1f418"
    }, {
        "loc": [20, 240],
        "size": [30, 30],
        "texture": "1f418"
    }, {
        "loc": [0, 240],
        "size": [30, 30],
        "texture": "1f418"
    }, {
        "loc": [230, 450],
        "size": [50, 50],
        "texture": "1f5ff"
    }],
    "money": 95,
    "status": "ongoing",
    "num_allowed_remaining": 30
}, {
    "formations": [{
        "loc": [210, 240],
        "size": [30, 30],
        "texture": "1f418"
    }, {
        "loc": [170, 240],
        "size": [30, 30],
        "texture": "1f418"
    }, {
        "loc": [190, 240],
        "size": [30, 30],
        "texture": "1f418"
    }, {
        "loc": [150, 240],
        "size": [30, 30],
        "texture": "1f418"
    }, {
        "loc": [100, 300],
        "size": [30, 30],
        "texture": "1f4fc"
    }, {
        "loc": [130, 240],
        "size": [30, 30],
        "texture": "1f418"
    }, {
        "loc": [140, 240],
        "size": [30, 30],
        "texture": "1f418"
    }, {
        "loc": [120, 240],
        "size": [30, 30],
        "texture": "1f418"
    }, {
        "loc": [110, 240],
        "size": [30, 30],
        "texture": "1f418"
    }, {
        "loc": [100, 240],
        "size": [30, 30],
        "texture": "1f418"
    }, {
        "loc": [90, 240],
        "size": [30, 30],
        "texture": "1f418"
    }, {
        "loc": [80, 240],
        "size": [30, 30],
        "texture": "1f418"
    }, {
        "loc": [70, 240],
        "size": [30, 30],
        "texture": "1f418"
    }, {
        "loc": [400, 300],
        "size": [50, 50],
        "texture": "1f5ff"
    }, {
        "loc": [60, 240],
        "size": [30, 30],
        "texture": "1f418"
    }, {
        "loc": [40, 240],
        "size": [30, 30],
        "texture": "1f418"
    }, {
        "loc": [20, 240],
        "size": [30, 30],
        "texture": "1f418"
    }, {
        "loc": [230, 450],
        "size": [50, 50],
        "texture": "1f5ff"
    }, {
        "loc": [0, 240],
        "size": [30, 30],
        "texture": "1f418"
    }],
    "money": 95,
    "status": "ongoing",
    "num_allowed_remaining": 30
}, {
    "formations": [{
        "loc": [0, 240],
        "size": [30, 30],
        "texture": "1f418"
    }, {
        "loc": [230, 240],
        "size": [30, 30],
        "texture": "1f418"
    }, {
        "loc": [190, 240],
        "size": [30, 30],
        "texture": "1f418"
    }, {
        "loc": [210, 240],
        "size": [30, 30],
        "texture": "1f418"
    }, {
        "loc": [170, 240],
        "size": [30, 30],
        "texture": "1f418"
    }, {
        "loc": [100, 300],
        "size": [30, 30],
        "texture": "1f4fc"
    }, {
        "loc": [140, 240],
        "size": [30, 30],
        "texture": "1f418"
    }, {
        "loc": [150, 240],
        "size": [30, 30],
        "texture": "1f418"
    }, {
        "loc": [130, 240],
        "size": [30, 30],
        "texture": "1f418"
    }, {
        "loc": [120, 240],
        "size": [30, 30],
        "texture": "1f418"
    }, {
        "loc": [110, 240],
        "size": [30, 30],
        "texture": "1f418"
    }, {
        "loc": [100, 240],
        "size": [30, 30],
        "texture": "1f418"
    }, {
        "loc": [90, 240],
        "size": [30, 30],
        "texture": "1f418"
    }, {
        "loc": [80, 240],
        "size": [30, 30],
        "texture": "1f418"
    }, {
        "loc": [400, 300],
        "size": [50, 50],
        "texture": "1f5ff"
    }, {
        "loc": [70, 240],
        "size": [30, 30],
        "texture": "1f418"
    }, {
        "loc": [60, 240],
        "size": [30, 30],
        "texture": "1f418"
    }, {
        "loc": [40, 240],
        "size": [30, 30],
        "texture": "1f418"
    }, {
        "loc": [230, 450],
        "size": [50, 50],
        "texture": "1f5ff"
    }, {
        "loc": [20, 240],
        "size": [30, 30],
        "texture": "1f418"
    }],
    "money": 95,
    "status": "ongoing",
    "num_allowed_remaining": 30
}, {
    "formations": [{
        "loc": [20, 240],
        "size": [30, 30],
        "texture": "1f418"
    }, {
        "loc": [250, 240],
        "size": [30, 30],
        "texture": "1f418"
    }, {
        "loc": [0, 240],
        "size": [30, 30],
        "texture": "1f418"
    }, {
        "loc": [210, 240],
        "size": [30, 30],
        "texture": "1f418"
    }, {
        "loc": [230, 240],
        "size": [30, 30],
        "texture": "1f418"
    }, {
        "loc": [190, 240],
        "size": [30, 30],
        "texture": "1f418"
    }, {
        "loc": [100, 300],
        "size": [30, 30],
        "texture": "1f4fc"
    }, {
        "loc": [150, 240],
        "size": [30, 30],
        "texture": "1f418"
    }, {
        "loc": [170, 240],
        "size": [30, 30],
        "texture": "1f418"
    }, {
        "loc": [140, 240],
        "size": [30, 30],
        "texture": "1f418"
    }, {
        "loc": [130, 240],
        "size": [30, 30],
        "texture": "1f418"
    }, {
        "loc": [120, 240],
        "size": [30, 30],
        "texture": "1f418"
    }, {
        "loc": [110, 240],
        "size": [30, 30],
        "texture": "1f418"
    }, {
        "loc": [100, 240],
        "size": [30, 30],
        "texture": "1f418"
    }, {
        "loc": [90, 240],
        "size": [30, 30],
        "texture": "1f418"
    }, {
        "loc": [400, 300],
        "size": [50, 50],
        "texture": "1f5ff"
    }, {
        "loc": [80, 240],
        "size": [30, 30],
        "texture": "1f418"
    }, {
        "loc": [70, 240],
        "size": [30, 30],
        "texture": "1f418"
    }, {
        "loc": [60, 240],
        "size": [30, 30],
        "texture": "1f418"
    }, {
        "loc": [230, 450],
        "size": [50, 50],
        "texture": "1f5ff"
    }, {
        "loc": [40, 240],
        "size": [30, 30],
        "texture": "1f418"
    }],
    "money": 95,
    "status": "ongoing",
    "num_allowed_remaining": 30
}, {
    "formations": [{
        "loc": [40, 240],
        "size": [30, 30],
        "texture": "1f418"
    }, {
        "loc": [270, 240],
        "size": [30, 30],
        "texture": "1f418"
    }, {
        "loc": [20, 240],
        "size": [30, 30],
        "texture": "1f418"
    }, {
        "loc": [0, 240],
        "size": [30, 30],
        "texture": "1f418"
    }, {
        "loc": [230, 240],
        "size": [30, 30],
        "texture": "1f418"
    }, {
        "loc": [250, 240],
        "size": [30, 30],
        "texture": "1f418"
    }, {
        "loc": [210, 240],
        "size": [30, 30],
        "texture": "1f418"
    }, {
        "loc": [100, 300],
        "size": [30, 30],
        "texture": "1f4fc"
    }, {
        "loc": [170, 240],
        "size": [30, 30],
        "texture": "1f418"
    }, {
        "loc": [190, 240],
        "size": [30, 30],
        "texture": "1f418"
    }, {
        "loc": [150, 240],
        "size": [30, 30],
        "texture": "1f418"
    }, {
        "loc": [140, 240],
        "size": [30, 30],
        "texture": "1f418"
    }, {
        "loc": [130, 240],
        "size": [30, 30],
        "texture": "1f418"
    }, {
        "loc": [120, 240],
        "size": [30, 30],
        "texture": "1f418"
    }, {
        "loc": [110, 240],
        "size": [30, 30],
        "texture": "1f418"
    }, {
        "loc": [100, 240],
        "size": [30, 30],
        "texture": "1f418"
    }, {
        "loc": [400, 300],
        "size": [50, 50],
        "texture": "1f5ff"
    }, {
        "loc": [90, 240],
        "size": [30, 30],
        "texture": "1f418"
    }, {
        "loc": [80, 240],
        "size": [30, 30],
        "texture": "1f418"
    }, {
        "loc": [70, 240],
        "size": [30, 30],
        "texture": "1f418"
    }, {
        "loc": [230, 450],
        "size": [50, 50],
        "texture": "1f5ff"
    }, {
        "loc": [60, 240],
        "size": [30, 30],
        "texture": "1f418"
    }],
    "money": 95,
    "status": "ongoing",
    "num_allowed_remaining": 30
}, {
    "formations": [{
        "loc": [60, 240],
        "size": [30, 30],
        "texture": "1f418"
    }, {
        "loc": [290, 240],
        "size": [30, 30],
        "texture": "1f418"
    }, {
        "loc": [40, 240],
        "size": [30, 30],
        "texture": "1f418"
    }, {
        "loc": [20, 240],
        "size": [30, 30],
        "texture": "1f418"
    }, {
        "loc": [250, 240],
        "size": [30, 30],
        "texture": "1f418"
    }, {
        "loc": [0, 240],
        "size": [30, 30],
        "texture": "1f418"
    }, {
        "loc": [270, 240],
        "size": [30, 30],
        "texture": "1f418"
    }, {
        "loc": [230, 240],
        "size": [30, 30],
        "texture": "1f418"
    }, {
        "loc": [100, 300],
        "size": [30, 30],
        "texture": "1f4fc"
    }, {
        "loc": [190, 240],
        "size": [30, 30],
        "texture": "1f418"
    }, {
        "loc": [210, 240],
        "size": [30, 30],
        "texture": "1f418"
    }, {
        "loc": [170, 240],
        "size": [30, 30],
        "texture": "1f418"
    }, {
        "loc": [150, 240],
        "size": [30, 30],
        "texture": "1f418"
    }, {
        "loc": [140, 240],
        "size": [30, 30],
        "texture": "1f418"
    }, {
        "loc": [130, 240],
        "size": [30, 30],
        "texture": "1f418"
    }, {
        "loc": [120, 240],
        "size": [30, 30],
        "texture": "1f418"
    }, {
        "loc": [110, 240],
        "size": [30, 30],
        "texture": "1f418"
    }, {
        "loc": [400, 300],
        "size": [50, 50],
        "texture": "1f5ff"
    }, {
        "loc": [100, 240],
        "size": [30, 30],
        "texture": "1f418"
    }, {
        "loc": [90, 240],
        "size": [30, 30],
        "texture": "1f418"
    }, {
        "loc": [80, 240],
        "size": [30, 30],
        "texture": "1f418"
    }, {
        "loc": [230, 450],
        "size": [50, 50],
        "texture": "1f5ff"
    }, {
        "loc": [70, 240],
        "size": [30, 30],
        "texture": "1f418"
    }],
    "money": 95,
    "status": "ongoing",
    "num_allowed_remaining": 30
}, {
    "formations": [{
        "loc": [70, 240],
        "size": [30, 30],
        "texture": "1f418"
    }, {
        "loc": [310, 240],
        "size": [30, 30],
        "texture": "1f418"
    }, {
        "loc": [60, 240],
        "size": [30, 30],
        "texture": "1f418"
    }, {
        "loc": [40, 240],
        "size": [30, 30],
        "texture": "1f418"
    }, {
        "loc": [270, 240],
        "size": [30, 30],
        "texture": "1f418"
    }, {
        "loc": [20, 240],
        "size": [30, 30],
        "texture": "1f418"
    }, {
        "loc": [290, 240],
        "size": [30, 30],
        "texture": "1f418"
    }, {
        "loc": [0, 240],
        "size": [30, 30],
        "texture": "1f418"
    }, {
        "loc": [250, 240],
        "size": [30, 30],
        "texture": "1f418"
    }, {
        "loc": [100, 300],
        "size": [30, 30],
        "texture": "1f4fc"
    }, {
        "loc": [210, 240],
        "size": [30, 30],
        "texture": "1f418"
    }, {
        "loc": [230, 240],
        "size": [30, 30],
        "texture": "1f418"
    }, {
        "loc": [190, 240],
        "size": [30, 30],
        "texture": "1f418"
    }, {
        "loc": [170, 240],
        "size": [30, 30],
        "texture": "1f418"
    }, {
        "loc": [150, 240],
        "size": [30, 30],
        "texture": "1f418"
    }, {
        "loc": [140, 240],
        "size": [30, 30],
        "texture": "1f418"
    }, {
        "loc": [130, 240],
        "size": [30, 30],
        "texture": "1f418"
    }, {
        "loc": [120, 240],
        "size": [30, 30],
        "texture": "1f418"
    }, {
        "loc": [400, 300],
        "size": [50, 50],
        "texture": "1f5ff"
    }, {
        "loc": [110, 240],
        "size": [30, 30],
        "texture": "1f418"
    }, {
        "loc": [100, 240],
        "size": [30, 30],
        "texture": "1f418"
    }, {
        "loc": [90, 240],
        "size": [30, 30],
        "texture": "1f418"
    }, {
        "loc": [230, 450],
        "size": [50, 50],
        "texture": "1f5ff"
    }, {
        "loc": [80, 240],
        "size": [30, 30],
        "texture": "1f418"
    }],
    "money": 95,
    "status": "ongoing",
    "num_allowed_remaining": 30
}, {
    "formations": [{
        "loc": [80, 240],
        "size": [30, 30],
        "texture": "1f418"
    }, {
        "loc": [330, 240],
        "size": [30, 30],
        "texture": "1f418"
    }, {
        "loc": [70, 240],
        "size": [30, 30],
        "texture": "1f418"
    }, {
        "loc": [60, 240],
        "size": [30, 30],
        "texture": "1f418"
    }, {
        "loc": [290, 240],
        "size": [30, 30],
        "texture": "1f418"
    }, {
        "loc": [40, 240],
        "size": [30, 30],
        "texture": "1f418"
    }, {
        "loc": [310, 240],
        "size": [30, 30],
        "texture": "1f418"
    }, {
        "loc": [20, 240],
        "size": [30, 30],
        "texture": "1f418"
    }, {
        "loc": [270, 240],
        "size": [30, 30],
        "texture": "1f418"
    }, {
        "loc": [0, 240],
        "size": [30, 30],
        "texture": "1f418"
    }, {
        "loc": [100, 300],
        "size": [30, 30],
        "texture": "1f4fc"
    }, {
        "loc": [230, 240],
        "size": [30, 30],
        "texture": "1f418"
    }, {
        "loc": [250, 240],
        "size": [30, 30],
        "texture": "1f418"
    }, {
        "loc": [210, 240],
        "size": [30, 30],
        "texture": "1f418"
    }, {
        "loc": [190, 240],
        "size": [30, 30],
        "texture": "1f418"
    }, {
        "loc": [170, 240],
        "size": [30, 30],
        "texture": "1f418"
    }, {
        "loc": [150, 240],
        "size": [30, 30],
        "texture": "1f418"
    }, {
        "loc": [140, 240],
        "size": [30, 30],
        "texture": "1f418"
    }, {
        "loc": [130, 240],
        "size": [30, 30],
        "texture": "1f418"
    }, {
        "loc": [400, 300],
        "size": [50, 50],
        "texture": "1f5ff"
    }, {
        "loc": [120, 240],
        "size": [30, 30],
        "texture": "1f418"
    }, {
        "loc": [110, 240],
        "size": [30, 30],
        "texture": "1f418"
    }, {
        "loc": [100, 240],
        "size": [30, 30],
        "texture": "1f418"
    }, {
        "loc": [230, 450],
        "size": [50, 50],
        "texture": "1f5ff"
    }, {
        "loc": [90, 240],
        "size": [30, 30],
        "texture": "1f418"
    }],
    "money": 95,
    "status": "ongoing",
    "num_allowed_remaining": 30
}, {
    "formations": [{
        "loc": [90, 240],
        "size": [30, 30],
        "texture": "1f418"
    }, {
        "loc": [350, 240],
        "size": [30, 30],
        "texture": "1f418"
    }, {
        "loc": [80, 240],
        "size": [30, 30],
        "texture": "1f418"
    }, {
        "loc": [70, 240],
        "size": [30, 30],
        "texture": "1f418"
    }, {
        "loc": [310, 240],
        "size": [30, 30],
        "texture": "1f418"
    }, {
        "loc": [60, 240],
        "size": [30, 30],
        "texture": "1f418"
    }, {
        "loc": [330, 240],
        "size": [30, 30],
        "texture": "1f418"
    }, {
        "loc": [40, 240],
        "size": [30, 30],
        "texture": "1f418"
    }, {
        "loc": [290, 240],
        "size": [30, 30],
        "texture": "1f418"
    }, {
        "loc": [20, 240],
        "size": [30, 30],
        "texture": "1f418"
    }, {
        "loc": [100, 300],
        "size": [30, 30],
        "texture": "1f4fc"
    }, {
        "loc": [0, 240],
        "size": [30, 30],
        "texture": "1f418"
    }, {
        "loc": [250, 240],
        "size": [30, 30],
        "texture": "1f418"
    }, {
        "loc": [270, 240],
        "size": [30, 30],
        "texture": "1f418"
    }, {
        "loc": [230, 240],
        "size": [30, 30],
        "texture": "1f418"
    }, {
        "loc": [210, 240],
        "size": [30, 30],
        "texture": "1f418"
    }, {
        "loc": [190, 240],
        "size": [30, 30],
        "texture": "1f418"
    }, {
        "loc": [170, 240],
        "size": [30, 30],
        "texture": "1f418"
    }, {
        "loc": [150, 240],
        "size": [30, 30],
        "texture": "1f418"
    }, {
        "loc": [140, 240],
        "size": [30, 30],
        "texture": "1f418"
    }, {
        "loc": [400, 300],
        "size": [50, 50],
        "texture": "1f5ff"
    }, {
        "loc": [130, 240],
        "size": [30, 30],
        "texture": "1f418"
    }, {
        "loc": [120, 240],
        "size": [30, 30],
        "texture": "1f418"
    }, {
        "loc": [110, 240],
        "size": [30, 30],
        "texture": "1f418"
    }, {
        "loc": [230, 450],
        "size": [50, 50],
        "texture": "1f5ff"
    }, {
        "loc": [100, 240],
        "size": [30, 30],
        "texture": "1f418"
    }],
    "money": 95,
    "status": "ongoing",
    "num_allowed_remaining": 30
}, {
    "formations": [{
        "loc": [100, 240],
        "size": [30, 30],
        "texture": "1f418"
    }, {
        "loc": [370, 240],
        "size": [30, 30],
        "texture": "1f418"
    }, {
        "loc": [90, 240],
        "size": [30, 30],
        "texture": "1f418"
    }, {
        "loc": [80, 240],
        "size": [30, 30],
        "texture": "1f418"
    }, {
        "loc": [330, 240],
        "size": [30, 30],
        "texture": "1f418"
    }, {
        "loc": [70, 240],
        "size": [30, 30],
        "texture": "1f418"
    }, {
        "loc": [350, 240],
        "size": [30, 30],
        "texture": "1f418"
    }, {
        "loc": [60, 240],
        "size": [30, 30],
        "texture": "1f418"
    }, {
        "loc": [310, 240],
        "size": [30, 30],
        "texture": "1f418"
    }, {
        "loc": [40, 240],
        "size": [30, 30],
        "texture": "1f418"
    }, {
        "loc": [100, 300],
        "size": [30, 30],
        "texture": "1f4fc"
    }, {
        "loc": [20, 240],
        "size": [30, 30],
        "texture": "1f418"
    }, {
        "loc": [270, 240],
        "size": [30, 30],
        "texture": "1f418"
    }, {
        "loc": [0, 240],
        "size": [30, 30],
        "texture": "1f418"
    }, {
        "loc": [290, 240],
        "size": [30, 30],
        "texture": "1f418"
    }, {
        "loc": [250, 240],
        "size": [30, 30],
        "texture": "1f418"
    }, {
        "loc": [230, 240],
        "size": [30, 30],
        "texture": "1f418"
    }, {
        "loc": [210, 240],
        "size": [30, 30],
        "texture": "1f418"
    }, {
        "loc": [190, 240],
        "size": [30, 30],
        "texture": "1f418"
    }, {
        "loc": [170, 240],
        "size": [30, 30],
        "texture": "1f418"
    }, {
        "loc": [150, 240],
        "size": [30, 30],
        "texture": "1f418"
    }, {
        "loc": [400, 300],
        "size": [50, 50],
        "texture": "1f5ff"
    }, {
        "loc": [140, 240],
        "size": [30, 30],
        "texture": "1f418"
    }, {
        "loc": [130, 240],
        "size": [30, 30],
        "texture": "1f418"
    }, {
        "loc": [120, 240],
        "size": [30, 30],
        "texture": "1f418"
    }, {
        "loc": [230, 450],
        "size": [50, 50],
        "texture": "1f5ff"
    }, {
        "loc": [110, 240],
        "size": [30, 30],
        "texture": "1f418"
    }],
    "money": 95,
    "status": "ongoing",
    "num_allowed_remaining": 30
}, {
    "formations": [{
        "loc": [110, 240],
        "size": [30, 30],
        "texture": "1f418"
    }, {
        "loc": [390, 240],
        "size": [30, 30],
        "texture": "1f418"
    }, {
        "loc": [100, 240],
        "size": [30, 30],
        "texture": "1f418"
    }, {
        "loc": [90, 240],
        "size": [30, 30],
        "texture": "1f418"
    }, {
        "loc": [350, 240],
        "size": [30, 30],
        "texture": "1f418"
    }, {
        "loc": [80, 240],
        "size": [30, 30],
        "texture": "1f418"
    }, {
        "loc": [370, 240],
        "size": [30, 30],
        "texture": "1f418"
    }, {
        "loc": [70, 240],
        "size": [30, 30],
        "texture": "1f418"
    }, {
        "loc": [330, 240],
        "size": [30, 30],
        "texture": "1f418"
    }, {
        "loc": [60, 240],
        "size": [30, 30],
        "texture": "1f418"
    }, {
        "loc": [100, 300],
        "size": [30, 30],
        "texture": "1f4fc"
    }, {
        "loc": [40, 240],
        "size": [30, 30],
        "texture": "1f418"
    }, {
        "loc": [290, 240],
        "size": [30, 30],
        "texture": "1f418"
    }, {
        "loc": [20, 240],
        "size": [30, 30],
        "texture": "1f418"
    }, {
        "loc": [310, 240],
        "size": [30, 30],
        "texture": "1f418"
    }, {
        "loc": [0, 240],
        "size": [30, 30],
        "texture": "1f418"
    }, {
        "loc": [270, 240],
        "size": [30, 30],
        "texture": "1f418"
    }, {
        "loc": [250, 240],
        "size": [30, 30],
        "texture": "1f418"
    }, {
        "loc": [230, 240],
        "size": [30, 30],
        "texture": "1f418"
    }, {
        "loc": [210, 240],
        "size": [30, 30],
        "texture": "1f418"
    }, {
        "loc": [190, 240],
        "size": [30, 30],
        "texture": "1f418"
    }, {
        "loc": [170, 240],
        "size": [30, 30],
        "texture": "1f418"
    }, {
        "loc": [400, 300],
        "size": [50, 50],
        "texture": "1f5ff"
    }, {
        "loc": [150, 240],
        "size": [30, 30],
        "texture": "1f418"
    }, {
        "loc": [140, 240],
        "size": [30, 30],
        "texture": "1f418"
    }, {
        "loc": [130, 240],
        "size": [30, 30],
        "texture": "1f418"
    }, {
        "loc": [230, 450],
        "size": [50, 50],
        "texture": "1f5ff"
    }, {
        "loc": [120, 240],
        "size": [30, 30],
        "texture": "1f418"
    }],
    "money": 95,
    "status": "ongoing",
    "num_allowed_remaining": 30
}, {
    "formations": [{
        "loc": [120, 240],
        "size": [30, 30],
        "texture": "1f418"
    }, {
        "loc": [410, 240],
        "size": [30, 30],
        "texture": "1f418"
    }, {
        "loc": [110, 240],
        "size": [30, 30],
        "texture": "1f418"
    }, {
        "loc": [100, 240],
        "size": [30, 30],
        "texture": "1f418"
    }, {
        "loc": [370, 240],
        "size": [30, 30],
        "texture": "1f418"
    }, {
        "loc": [90, 240],
        "size": [30, 30],
        "texture": "1f418"
    }, {
        "loc": [390, 240],
        "size": [30, 30],
        "texture": "1f418"
    }, {
        "loc": [80, 240],
        "size": [30, 30],
        "texture": "1f418"
    }, {
        "loc": [350, 240],
        "size": [30, 30],
        "texture": "1f418"
    }, {
        "loc": [70, 240],
        "size": [30, 30],
        "texture": "1f418"
    }, {
        "loc": [100, 300],
        "size": [30, 30],
        "texture": "1f4fc"
    }, {
        "loc": [60, 240],
        "size": [30, 30],
        "texture": "1f418"
    }, {
        "loc": [310, 240],
        "size": [30, 30],
        "texture": "1f418"
    }, {
        "loc": [40, 240],
        "size": [30, 30],
        "texture": "1f418"
    }, {
        "loc": [330, 240],
        "size": [30, 30],
        "texture": "1f418"
    }, {
        "loc": [20, 240],
        "size": [30, 30],
        "texture": "1f418"
    }, {
        "loc": [290, 240],
        "size": [30, 30],
        "texture": "1f418"
    }, {
        "loc": [0, 240],
        "size": [30, 30],
        "texture": "1f418"
    }, {
        "loc": [270, 240],
        "size": [30, 30],
        "texture": "1f418"
    }, {
        "loc": [250, 240],
        "size": [30, 30],
        "texture": "1f418"
    }, {
        "loc": [230, 240],
        "size": [30, 30],
        "texture": "1f418"
    }, {
        "loc": [210, 240],
        "size": [30, 30],
        "texture": "1f418"
    }, {
        "loc": [190, 240],
        "size": [30, 30],
        "texture": "1f418"
    }, {
        "loc": [400, 300],
        "size": [50, 50],
        "texture": "1f5ff"
    }, {
        "loc": [170, 240],
        "size": [30, 30],
        "texture": "1f418"
    }, {
        "loc": [150, 240],
        "size": [30, 30],
        "texture": "1f418"
    }, {
        "loc": [140, 240],
        "size": [30, 30],
        "texture": "1f418"
    }, {
        "loc": [230, 450],
        "size": [50, 50],
        "texture": "1f5ff"
    }, {
        "loc": [130, 240],
        "size": [30, 30],
        "texture": "1f418"
    }],
    "money": 95,
    "status": "ongoing",
    "num_allowed_remaining": 30
}, {
    "formations": [{
        "loc": [130, 240],
        "size": [30, 30],
        "texture": "1f418"
    }, {
        "loc": [430, 240],
        "size": [30, 30],
        "texture": "1f418"
    }, {
        "loc": [120, 240],
        "size": [30, 30],
        "texture": "1f418"
    }, {
        "loc": [110, 240],
        "size": [30, 30],
        "texture": "1f418"
    }, {
        "loc": [390, 240],
        "size": [30, 30],
        "texture": "1f418"
    }, {
        "loc": [100, 240],
        "size": [30, 30],
        "texture": "1f418"
    }, {
        "loc": [410, 240],
        "size": [30, 30],
        "texture": "1f418"
    }, {
        "loc": [90, 240],
        "size": [30, 30],
        "texture": "1f418"
    }, {
        "loc": [370, 240],
        "size": [30, 30],
        "texture": "1f418"
    }, {
        "loc": [80, 240],
        "size": [30, 30],
        "texture": "1f418"
    }, {
        "loc": [100, 300],
        "size": [30, 30],
        "texture": "1f4fc"
    }, {
        "loc": [70, 240],
        "size": [30, 30],
        "texture": "1f418"
    }, {
        "loc": [330, 240],
        "size": [30, 30],
        "texture": "1f418"
    }, {
        "loc": [60, 240],
        "size": [30, 30],
        "texture": "1f418"
    }, {
        "loc": [350, 240],
        "size": [30, 30],
        "texture": "1f418"
    }, {
        "loc": [40, 240],
        "size": [30, 30],
        "texture": "1f418"
    }, {
        "loc": [310, 240],
        "size": [30, 30],
        "texture": "1f418"
    }, {
        "loc": [20, 240],
        "size": [30, 30],
        "texture": "1f418"
    }, {
        "loc": [290, 240],
        "size": [30, 30],
        "texture": "1f418"
    }, {
        "loc": [0, 240],
        "size": [30, 30],
        "texture": "1f418"
    }, {
        "loc": [270, 240],
        "size": [30, 30],
        "texture": "1f418"
    }, {
        "loc": [250, 240],
        "size": [30, 30],
        "texture": "1f418"
    }, {
        "loc": [230, 240],
        "size": [30, 30],
        "texture": "1f418"
    }, {
        "loc": [210, 240],
        "size": [30, 30],
        "texture": "1f418"
    }, {
        "loc": [400, 300],
        "size": [50, 50],
        "texture": "1f5ff"
    }, {
        "loc": [190, 240],
        "size": [30, 30],
        "texture": "1f418"
    }, {
        "loc": [170, 240],
        "size": [30, 30],
        "texture": "1f418"
    }, {
        "loc": [150, 240],
        "size": [30, 30],
        "texture": "1f418"
    }, {
        "loc": [230, 450],
        "size": [50, 50],
        "texture": "1f5ff"
    }, {
        "loc": [140, 240],
        "size": [30, 30],
        "texture": "1f418"
    }],
    "money": 95,
    "status": "ongoing",
    "num_allowed_remaining": 30
}, {
    "formations": [{
        "loc": [140, 240],
        "size": [30, 30],
        "texture": "1f418"
    }, {
        "loc": [450, 240],
        "size": [30, 30],
        "texture": "1f418"
    }, {
        "loc": [130, 240],
        "size": [30, 30],
        "texture": "1f418"
    }, {
        "loc": [120, 240],
        "size": [30, 30],
        "texture": "1f418"
    }, {
        "loc": [410, 240],
        "size": [30, 30],
        "texture": "1f418"
    }, {
        "loc": [110, 240],
        "size": [30, 30],
        "texture": "1f418"
    }, {
        "loc": [430, 240],
        "size": [30, 30],
        "texture": "1f418"
    }, {
        "loc": [100, 240],
        "size": [30, 30],
        "texture": "1f418"
    }, {
        "loc": [390, 240],
        "size": [30, 30],
        "texture": "1f418"
    }, {
        "loc": [90, 240],
        "size": [30, 30],
        "texture": "1f418"
    }, {
        "loc": [100, 300],
        "size": [30, 30],
        "texture": "1f4fc"
    }, {
        "loc": [80, 240],
        "size": [30, 30],
        "texture": "1f418"
    }, {
        "loc": [350, 240],
        "size": [30, 30],
        "texture": "1f418"
    }, {
        "loc": [70, 240],
        "size": [30, 30],
        "texture": "1f418"
    }, {
        "loc": [370, 240],
        "size": [30, 30],
        "texture": "1f418"
    }, {
        "loc": [60, 240],
        "size": [30, 30],
        "texture": "1f418"
    }, {
        "loc": [330, 240],
        "size": [30, 30],
        "texture": "1f418"
    }, {
        "loc": [40, 240],
        "size": [30, 30],
        "texture": "1f418"
    }, {
        "loc": [310, 240],
        "size": [30, 30],
        "texture": "1f418"
    }, {
        "loc": [20, 240],
        "size": [30, 30],
        "texture": "1f418"
    }, {
        "loc": [290, 240],
        "size": [30, 30],
        "texture": "1f418"
    }, {
        "loc": [0, 240],
        "size": [30, 30],
        "texture": "1f418"
    }, {
        "loc": [270, 240],
        "size": [30, 30],
        "texture": "1f418"
    }, {
        "loc": [250, 240],
        "size": [30, 30],
        "texture": "1f418"
    }, {
        "loc": [230, 240],
        "size": [30, 30],
        "texture": "1f418"
    }, {
        "loc": [400, 300],
        "size": [50, 50],
        "texture": "1f5ff"
    }, {
        "loc": [210, 240],
        "size": [30, 30],
        "texture": "1f418"
    }, {
        "loc": [190, 240],
        "size": [30, 30],
        "texture": "1f418"
    }, {
        "loc": [170, 240],
        "size": [30, 30],
        "texture": "1f418"
    }, {
        "loc": [230, 450],
        "size": [50, 50],
        "texture": "1f5ff"
    }, {
        "loc": [150, 240],
        "size": [30, 30],
        "texture": "1f418"
    }],
    "money": 95,
    "status": "ongoing",
    "num_allowed_remaining": 30
}, {
    "formations": [{
        "loc": [150, 240],
        "size": [30, 30],
        "texture": "1f418"
    }, {
        "loc": [470, 240],
        "size": [30, 30],
        "texture": "1f418"
    }, {
        "loc": [140, 240],
        "size": [30, 30],
        "texture": "1f418"
    }, {
        "loc": [130, 240],
        "size": [30, 30],
        "texture": "1f418"
    }, {
        "loc": [430, 240],
        "size": [30, 30],
        "texture": "1f418"
    }, {
        "loc": [120, 240],
        "size": [30, 30],
        "texture": "1f418"
    }, {
        "loc": [450, 240],
        "size": [30, 30],
        "texture": "1f418"
    }, {
        "loc": [110, 240],
        "size": [30, 30],
        "texture": "1f418"
    }, {
        "loc": [410, 240],
        "size": [30, 30],
        "texture": "1f418"
    }, {
        "loc": [100, 240],
        "size": [30, 30],
        "texture": "1f418"
    }, {
        "loc": [100, 300],
        "size": [30, 30],
        "texture": "1f4fc"
    }, {
        "loc": [90, 240],
        "size": [30, 30],
        "texture": "1f418"
    }, {
        "loc": [370, 240],
        "size": [30, 30],
        "texture": "1f418"
    }, {
        "loc": [80, 240],
        "size": [30, 30],
        "texture": "1f418"
    }, {
        "loc": [390, 240],
        "size": [30, 30],
        "texture": "1f418"
    }, {
        "loc": [70, 240],
        "size": [30, 30],
        "texture": "1f418"
    }, {
        "loc": [350, 240],
        "size": [30, 30],
        "texture": "1f418"
    }, {
        "loc": [60, 240],
        "size": [30, 30],
        "texture": "1f418"
    }, {
        "loc": [330, 240],
        "size": [30, 30],
        "texture": "1f418"
    }, {
        "loc": [40, 240],
        "size": [30, 30],
        "texture": "1f418"
    }, {
        "loc": [310, 240],
        "size": [30, 30],
        "texture": "1f418"
    }, {
        "loc": [20, 240],
        "size": [30, 30],
        "texture": "1f418"
    }, {
        "loc": [290, 240],
        "size": [30, 30],
        "texture": "1f418"
    }, {
        "loc": [0, 240],
        "size": [30, 30],
        "texture": "1f418"
    }, {
        "loc": [270, 240],
        "size": [30, 30],
        "texture": "1f418"
    }, {
        "loc": [250, 240],
        "size": [30, 30],
        "texture": "1f418"
    }, {
        "loc": [400, 300],
        "size": [50, 50],
        "texture": "1f5ff"
    }, {
        "loc": [230, 240],
        "size": [30, 30],
        "texture": "1f418"
    }, {
        "loc": [210, 240],
        "size": [30, 30],
        "texture": "1f418"
    }, {
        "loc": [190, 240],
        "size": [30, 30],
        "texture": "1f418"
    }, {
        "loc": [230, 450],
        "size": [50, 50],
        "texture": "1f5ff"
    }, {
        "loc": [170, 240],
        "size": [30, 30],
        "texture": "1f418"
    }],
    "money": 95,
    "status": "ongoing",
    "num_allowed_remaining": 30
}, {
    "formations": [{
        "loc": [170, 240],
        "size": [30, 30],
        "texture": "1f418"
    }, {
        "loc": [150, 240],
        "size": [30, 30],
        "texture": "1f418"
    }, {
        "loc": [140, 240],
        "size": [30, 30],
        "texture": "1f418"
    }, {
        "loc": [130, 240],
        "size": [30, 30],
        "texture": "1f418"
    }, {
        "loc": [120, 240],
        "size": [30, 30],
        "texture": "1f418"
    }, {
        "loc": [110, 240],
        "size": [30, 30],
        "texture": "1f418"
    }, {
        "loc": [100, 240],
        "size": [30, 30],
        "texture": "1f418"
    }, {
        "loc": [90, 240],
        "size": [30, 30],
        "texture": "1f418"
    }, {
        "loc": [80, 240],
        "size": [30, 30],
        "texture": "1f418"
    }, {
        "loc": [70, 240],
        "size": [30, 30],
        "texture": "1f418"
    }, {
        "loc": [60, 240],
        "size": [30, 30],
        "texture": "1f418"
    }, {
        "loc": [40, 240],
        "size": [30, 30],
        "texture": "1f418"
    }, {
        "loc": [20, 240],
        "size": [30, 30],
        "texture": "1f418"
    }, {
        "loc": [0, 240],
        "size": [30, 30],
        "texture": "1f418"
    }, {
        "loc": [400, 300],
        "size": [50, 50],
        "texture": "1f5ff"
    }, {
        "loc": [230, 450],
        "size": [50, 50],
        "texture": "1f5ff"
    }, {
        "loc": [490, 240],
        "size": [30, 30],
        "texture": "1f418"
    }, {
        "loc": [450, 240],
        "size": [30, 30],
        "texture": "1f418"
    }, {
        "loc": [470, 240],
        "size": [30, 30],
        "texture": "1f418"
    }, {
        "loc": [430, 240],
        "size": [30, 30],
        "texture": "1f418"
    }, {
        "loc": [100, 300],
        "size": [30, 30],
        "texture": "1f4fc"
    }, {
        "loc": [390, 240],
        "size": [30, 30],
        "texture": "1f418"
    }, {
        "loc": [410, 240],
        "size": [30, 30],
        "texture": "1f418"
    }, {
        "loc": [370, 240],
        "size": [30, 30],
        "texture": "1f418"
    }, {
        "loc": [350, 240],
        "size": [30, 30],
        "texture": "1f418"
    }, {
        "loc": [330, 240],
        "size": [30, 30],
        "texture": "1f418"
    }, {
        "loc": [310, 240],
        "size": [30, 30],
        "texture": "1f418"
    }, {
        "loc": [290, 240],
        "size": [30, 30],
        "texture": "1f418"
    }, {
        "loc": [270, 240],
        "size": [30, 30],
        "texture": "1f418"
    }, {
        "loc": [250, 240],
        "size": [30, 30],
        "texture": "1f418"
    }, {
        "loc": [230, 240],
        "size": [30, 30],
        "texture": "1f418"
    }, {
        "loc": [210, 240],
        "size": [30, 30],
        "texture": "1f418"
    }, {
        "loc": [190, 240],
        "size": [30, 30],
        "texture": "1f418"
    }],
    "money": 95,
    "status": "ongoing",
    "num_allowed_remaining": 30
}]